This is pdfTeX, Version 3.141592653-2.6-1.40.22 (TeX Live 2021/W32TeX) (preloaded format=pdflatex)
 restricted \write18 enabled.
entering extended mode
(C:\Users\OZW20\AppData\Local\Temp\tmpxxn4u1b0/circuit.tex
LaTeX2e <2020-10-01> patch level 4
L3 programming layer <2021-02-18>
(d:/APP/Tex/texlive/2021/texmf-dist/tex/latex/standalone/standalone.cls
Document Class: standalone 2018/03/26 v1.3a Class to compile TeX sub-files stan
dalone
(d:/APP/Tex/texlive/2021/texmf-dist/tex/latex/tools/shellesc.sty)
(d:/APP/Tex/texlive/2021/texmf-dist/tex/generic/iftex/ifluatex.sty
(d:/APP/Tex/texlive/2021/texmf-dist/tex/generic/iftex/iftex.sty))
(d:/APP/Tex/texlive/2021/texmf-dist/tex/latex/xkeyval/xkeyval.sty
(d:/APP/Tex/texlive/2021/texmf-dist/tex/generic/xkeyval/xkeyval.tex
(d:/APP/Tex/texlive/2021/texmf-dist/tex/generic/xkeyval/xkvutils.tex
(d:/APP/Tex/texlive/2021/texmf-dist/tex/generic/xkeyval/keyval.tex))))
(d:/APP/Tex/texlive/2021/texmf-dist/tex/latex/standalone/standalone.cfg)
(d:/APP/Tex/texlive/2021/texmf-dist/tex/latex/base/article.cls
Document Class: article 2020/04/10 v1.4m Standard LaTeX document class
(d:/APP/Tex/texlive/2021/texmf-dist/tex/latex/base/size10.clo)))
(d:/APP/Tex/texlive/2021/texmf-dist/tex/latex/qcircuit/qcircuit.sty
(d:/APP/Tex/texlive/2021/texmf-dist/tex/generic/xypic/xy.sty
(d:/APP/Tex/texlive/2021/texmf-dist/tex/generic/xypic/xy.tex Bootstrap'ing:
catcodes, docmode,
(d:/APP/Tex/texlive/2021/texmf-dist/tex/generic/xypic/xyrecat.tex)
(d:/APP/Tex/texlive/2021/texmf-dist/tex/generic/xypic/xyidioms.tex)

 Xy-pic version 3.8.9 <2013/10/06>
 Copyright (c) 1991-2013 by Kristoffer H. Rose <krisrose@tug.org> and others
 Xy-pic is free software: see the User's Guide for details.

Loading kernel: messages; fonts; allocations: state, direction,
utility macros; pictures: \xy, positions, objects, decorations;
kernel objects: directionals, circles, text; options; algorithms: directions,
edges, connections;  Xy-pic loaded)
(d:/APP/Tex/texlive/2021/texmf-dist/tex/generic/iftex/ifpdf.sty)
(d:/APP/Tex/texlive/2021/texmf-dist/tex/generic/xypic/xypdf.tex
 Xy-pic option: PDF driver v.1.7 loaded))
(d:/APP/Tex/texlive/2021/texmf-dist/tex/generic/xypic/xymatrix.tex
 Xy-pic option: Matrix feature v.3.14 loaded)
(d:/APP/Tex/texlive/2021/texmf-dist/tex/generic/xypic/xyframe.tex
 Xy-pic option: Frame and Bracket extension v.3.14 loaded)
Xy-pic pdf driver: `frame' extension support
(d:/APP/Tex/texlive/2021/texmf-dist/tex/generic/xypic/xypdf-fr.tex
(d:/APP/Tex/texlive/2021/texmf-dist/tex/generic/xypic/xycurve.tex
 Xy-pic option: Curve and Spline extension v.3.12 curve, circles, loaded)
Xy-pic pdf driver: `curve' extension support
(d:/APP/Tex/texlive/2021/texmf-dist/tex/generic/xypic/xypdf-cu.tex loaded)
loaded) (d:/APP/Tex/texlive/2021/texmf-dist/tex/generic/xypic/xyarrow.tex
 Xy-pic option: Arrow and Path feature v.3.9 path, \ar, loaded)
(d:/APP/Tex/texlive/2021/texmf-dist/tex/generic/xypic/xyarc.tex
 Xy-pic option: Circle, Ellipse, Arc feature v.3.8 circles, ellipses,
elliptical arcs, loaded))
(d:/APP/Tex/texlive/2021/texmf-dist/tex/latex/graphics/graphicx.sty
(d:/APP/Tex/texlive/2021/texmf-dist/tex/latex/graphics/graphics.sty
(d:/APP/Tex/texlive/2021/texmf-dist/tex/latex/graphics/trig.sty)
(d:/APP/Tex/texlive/2021/texmf-dist/tex/latex/graphics-cfg/graphics.cfg)
(d:/APP/Tex/texlive/2021/texmf-dist/tex/latex/graphics-def/pdftex.def)))
(d:/APP/Tex/texlive/2021/texmf-dist/tex/latex/l3backend/l3backend-pdftex.def)
No file circuit.aux.
(d:/APP/Tex/texlive/2021/texmf-dist/tex/context/base/mkii/supp-pdf.mkii
[Loading MPS to PDF converter (version 2006.09.02).]
) (d:/APP/Tex/texlive/2021/texmf-dist/tex/latex/epstopdf-pkg/epstopdf-base.sty
(d:/APP/Tex/texlive/2021/texmf-dist/tex/latex/latexconfig/epstopdf-sys.cfg))
<xymatrix
! Misplaced \cr.
<argument> QFT\\
                string^dg
l.15 \\ }}
          
!  ==> Fatal error occurred, no output PDF file produced!
Transcript written on C:\Users\OZW20\AppData\Local\Temp\tmpxxn4u1b0/circuit.log
.
